#
# There is insufficient memory for the Java Runtime Environment to continue.
# Native memory allocation (mmap) failed to map 268435456 bytes for Failed to commit area from 0x0000000701c00000 to 0x0000000711c00000 of length 268435456.
# Possible reasons:
#   The system is out of physical RAM or swap space
#   The process is running with CompressedOops enabled, and the Java Heap may be blocking the growth of the native heap
# Possible solutions:
#   Reduce memory load on the system
#   Increase physical memory or swap space
#   Check if swap backing store is full
#   Decrease Java heap size (-Xmx/-Xms)
#   Decrease number of Java threads
#   Decrease Java thread stack sizes (-Xss)
#   Set larger code cache with -XX:ReservedCodeCacheSize=
# This output file may be truncated or incomplete.
#
#  Out of Memory Error (t:/workspace/open/src/hotspot/os/windows/os_windows.cpp:3264), pid=33340, tid=32592
#
# JRE version:  (12.0.2+10) (build )
# Java VM: Java HotSpot(TM) 64-Bit Server VM (12.0.2+10, mixed mode, aot, sharing, tiered, compressed oops, g1 gc, windows-amd64)
# No core dump will be written. Minidumps are not enabled by default on client versions of Windows
#

---------------  S U M M A R Y ------------

Command Line: -Dfile.encoding=Cp1252 presentation.BookingFrame

Host: Intel(R) Core(TM) i5-8250U CPU @ 1.60GHz, 8 cores, 15G,  Windows 10 , 64 bit Build 18362 (10.0.18362.329)
Time: Sun Apr 12 19:22:37 2020 Eastern Daylight Time elapsed time: 0 seconds (0d 0h 0m 0s)

---------------  T H R E A D  ---------------

Current thread (0x000001ecc46fb000):  JavaThread "Unknown thread" [_thread_in_vm, id=32592, stack(0x000000674e400000,0x000000674e500000)]

Stack: [0x000000674e400000,0x000000674e500000]
Native frames: (J=compiled Java code, j=interpreted, Vv=VM code, C=native code)
V  [jvm.dll+0x63aa2a]
V  [jvm.dll+0x78ce1e]
V  [jvm.dll+0x78e4c1]
V  [jvm.dll+0x78eb13]
V  [jvm.dll+0x2627e8]
V  [jvm.dll+0x637f5a]
V  [jvm.dll+0x62c845]
V  [jvm.dll+0x31e49c]
V  [jvm.dll+0x31e2cf]
V  [jvm.dll+0x324006]
V  [jvm.dll+0x371f56]
V  [jvm.dll+0x371720]
V  [jvm.dll+0x2f845a]
V  [jvm.dll+0x2f96d2]
V  [jvm.dll+0x767267]
V  [jvm.dll+0x7689f5]
V  [jvm.dll+0x380059]
V  [jvm.dll+0x74b794]
V  [jvm.dll+0x3ef5cd]
V  [jvm.dll+0x3f1471]
C  [jli.dll+0x51cf]
C  [ucrtbase.dll+0x20e72]
C  [KERNEL32.DLL+0x17bd4]
C  [ntdll.dll+0x6ced1]


---------------  P R O C E S S  ---------------

Threads class SMR info:
_java_thread_list=0x00007ffd18d17928, length=0, elements={
}

Java Threads: ( => current thread )

Other Threads:
  0x000001ecc4761000 GCTaskThread "GC Thread#0" [stack: 0x000000674e500000,0x000000674e600000] [id=27872]
  0x000001ecc477c000 ConcurrentGCThread "G1 Main Marker" [stack: 0x000000674e600000,0x000000674e700000] [id=7668]
  0x000001ecc477d800 ConcurrentGCThread "G1 Conc#0" [stack: 0x000000674e700000,0x000000674e800000] [id=18380]

[error occurred during error reporting (printing all threads), id 0xc0000005, EXCEPTION_ACCESS_VIOLATION (0xc0000005) at pc=0x00007ffd185485e7]

VM state:not at safepoint (not fully initialized)

VM Mutex/Monitor currently owned by a thread:  ([mutex/lock_event])
[0x000001ecc46f6190] Heap_lock - owner thread: 0x000001ecc46fb000

Heap address: 0x0000000701c00000, size: 4068 MB, Compressed Oops mode: Non-zero based: 0x0000000701c00000
Narrow klass base: 0x0000000000000000, Narrow klass shift: 0

GC Heap History (0 events):
No events

Deoptimization events (0 events):
No events

Classes redefined (0 events):
No events

Internal exceptions (0 events):
No events

Events (0 events):
No events


Dynamic libraries:
0x00007ff7d6620000 - 0x00007ff7d662f000 	C:\Program Files\Java\jdk-12.0.2\bin\javaw.exe
0x00007ffd680e0000 - 0x00007ffd682d0000 	C:\WINDOWS\SYSTEM32\ntdll.dll
0x00007ffd67530000 - 0x00007ffd675e2000 	C:\WINDOWS\System32\KERNEL32.DLL
0x00007ffd65730000 - 0x00007ffd659d3000 	C:\WINDOWS\System32\KERNELBASE.dll
0x00007ffd655d0000 - 0x00007ffd656ca000 	C:\WINDOWS\System32\ucrtbase.dll
0x00007ffd50e50000 - 0x00007ffd50e68000 	C:\Program Files\Java\jdk-12.0.2\bin\jli.dll
0x00007ffd56290000 - 0x00007ffd562a6000 	C:\Program Files\Java\jdk-12.0.2\bin\VCRUNTIME140.dll
0x00007ffd66660000 - 0x00007ffd66703000 	C:\WINDOWS\System32\ADVAPI32.dll
0x00007ffd67320000 - 0x00007ffd673be000 	C:\WINDOWS\System32\msvcrt.dll
0x00007ffd66460000 - 0x00007ffd664f7000 	C:\WINDOWS\System32\sechost.dll
0x00007ffd66bf0000 - 0x00007ffd66d10000 	C:\WINDOWS\System32\RPCRT4.dll
0x00007ffd662c0000 - 0x00007ffd66454000 	C:\WINDOWS\System32\USER32.dll
0x00007ffd65160000 - 0x00007ffd65181000 	C:\WINDOWS\System32\win32u.dll
0x00007ffd55380000 - 0x00007ffd55605000 	C:\WINDOWS\WinSxS\amd64_microsoft.windows.common-controls_6595b64144ccf1df_6.0.18362.720_none_e6beb5c51314836b\COMCTL32.dll
0x00007ffd66bc0000 - 0x00007ffd66be6000 	C:\WINDOWS\System32\GDI32.dll
0x00007ffd65190000 - 0x00007ffd65324000 	C:\WINDOWS\System32\gdi32full.dll
0x00007ffd66800000 - 0x00007ffd66b36000 	C:\WINDOWS\System32\combase.dll
0x00007ffd65070000 - 0x00007ffd6510e000 	C:\WINDOWS\System32\msvcp_win.dll
0x00007ffd65400000 - 0x00007ffd65480000 	C:\WINDOWS\System32\bcryptPrimitives.dll
0x00007ffd5fde0000 - 0x00007ffd5fdea000 	C:\WINDOWS\SYSTEM32\VERSION.dll
0x00007ffd673d0000 - 0x00007ffd673fe000 	C:\WINDOWS\System32\IMM32.DLL
0x00007ffd33d40000 - 0x00007ffd33dea000 	C:\Program Files\Java\jdk-12.0.2\bin\msvcp140.dll
0x00007ffd18240000 - 0x00007ffd18db7000 	C:\Program Files\Java\jdk-12.0.2\bin\server\jvm.dll
0x00007ffd66b40000 - 0x00007ffd66b48000 	C:\WINDOWS\System32\PSAPI.DLL
0x00007ffd618d0000 - 0x00007ffd618f4000 	C:\WINDOWS\SYSTEM32\WINMM.dll
0x00007ffd509e0000 - 0x00007ffd509e9000 	C:\WINDOWS\SYSTEM32\WSOCK32.dll
0x00007ffd66b50000 - 0x00007ffd66bbf000 	C:\WINDOWS\System32\WS2_32.dll
0x00007ffd618a0000 - 0x00007ffd618cd000 	C:\WINDOWS\SYSTEM32\WINMMBASE.dll
0x00007ffd65110000 - 0x00007ffd6515a000 	C:\WINDOWS\System32\cfgmgr32.dll
0x00007ffd64fd0000 - 0x00007ffd64fe1000 	C:\WINDOWS\System32\kernel.appcore.dll
0x00007ffd614f0000 - 0x00007ffd61501000 	C:\Program Files\Java\jdk-12.0.2\bin\verify.dll
0x00007ffd63440000 - 0x00007ffd63634000 	C:\WINDOWS\SYSTEM32\DBGHELP.DLL
0x00007ffd4c520000 - 0x00007ffd4c54a000 	C:\WINDOWS\SYSTEM32\dbgcore.DLL
0x00007ffd563e0000 - 0x00007ffd56406000 	C:\Program Files\Java\jdk-12.0.2\bin\java.dll
0x00007ffd594e0000 - 0x00007ffd594f7000 	C:\Program Files\Java\jdk-12.0.2\bin\zip.dll
0x00007ffd61a00000 - 0x00007ffd61a0a000 	C:\Program Files\Java\jdk-12.0.2\bin\jimage.dll

dbghelp: loaded successfully - version: 4.0.5 - missing functions: none
symbol engine: initialized successfully - sym options: 0x614 - pdb path: .;C:\Program Files\Java\jdk-12.0.2\bin;C:\WINDOWS\SYSTEM32;C:\WINDOWS\WinSxS\amd64_microsoft.windows.common-controls_6595b64144ccf1df_6.0.18362.720_none_e6beb5c51314836b;C:\Program Files\Java\jdk-12.0.2\bin\server

VM Arguments:
jvm_args: -Dfile.encoding=Cp1252 
java_command: presentation.BookingFrame
java_class_path (initial): C:\Users\Parbhdeep\eclipse-workspace\Hotel_phase3\bin;F:\college_stuff\softwares\jdbc\ojdbc7.jar
Launcher Type: SUN_STANDARD

[Global flags]
     intx CICompilerCount                          = 4                                         {product} {ergonomic}
     uint ConcGCThreads                            = 2                                         {product} {ergonomic}
     uint G1ConcRefinementThreads                  = 8                                         {product} {ergonomic}
   size_t G1HeapRegionSize                         = 1048576                                   {product} {ergonomic}
    uintx GCDrainStackTargetSize                   = 64                                        {product} {ergonomic}
   size_t InitialHeapSize                          = 268435456                                 {product} {ergonomic}
   size_t MarkStackSize                            = 4194304                                   {product} {ergonomic}
   size_t MaxHeapSize                              = 4265607168                                {product} {ergonomic}
   size_t MinHeapDeltaBytes                        = 1048576                                   {product} {ergonomic}
    uintx NonNMethodCodeHeapSize                   = 5836300                                {pd product} {ergonomic}
    uintx NonProfiledCodeHeapSize                  = 122910970                              {pd product} {ergonomic}
    uintx ProfiledCodeHeapSize                     = 122910970                              {pd product} {ergonomic}
    uintx ReservedCodeCacheSize                    = 251658240                              {pd product} {ergonomic}
     bool SegmentedCodeCache                       = true                                      {product} {ergonomic}
     bool UseCompressedClassPointers               = true                                 {lp64_product} {ergonomic}
     bool UseCompressedOops                        = true                                 {lp64_product} {ergonomic}
     bool UseG1GC                                  = true                                      {product} {ergonomic}
     bool UseLargePagesIndividualAllocation        = false                                  {pd product} {ergonomic}

Logging:
Log output configuration:
 #0: stdout all=warning uptime,level,tags
 #1: stderr all=off uptime,level,tags

Environment Variables:
PATH=C:/Program Files/Java/jdk-12.0.2/bin/server;C:/Program Files/Java/jdk-12.0.2/bin;C:\Program Files (x86)\Intel\iCLS Client\;C:\Program Files\Intel\iCLS Client\;C:\windows\system32;C:\windows;C:\windows\System32\Wbem;C:\windows\System32\WindowsPowerShell\v1.0\;C:\Program Files (x86)\Intel\Intel(R) Management Engine Components\DAL;C:\Program Files\Intel\Intel(R) Management Engine Components\DAL;C:\Program Files (x86)\Intel\Intel(R) Management Engine Components\IPT;C:\Program Files\Intel\Intel(R) Management Engine Components\IPT;C:\Program Files (x86)\NVIDIA Corporation\PhysX\Common;C:\Program Files\Intel\WiFi\bin\;C:\Program Files\Common Files\Intel\WirelessCommon\;C:\WINDOWS\system32;C:\WINDOWS;C:\WINDOWS\System32\Wbem;C:\WINDOWS\System32\WindowsPowerShell\v1.0\;C:\WINDOWS\System32\OpenSSH\;C:\Program Files\Java\jdk-12.0.2\bin;C:\Program Files\Git\cmd;C:\Program Files\PuTTY\;C:\Program Files\Microsoft SQL Server\130\Tools\Binn\;C:\Users\Parbhdeep\AppData\Local\Microsoft\WindowsApps;;C:\Users\Parbhdeep\AppData\Local\Programs\Microsoft VS Code\bin;C:\Users\Parbhdeep\Desktop;
USERNAME=Parbhdeep
OS=Windows_NT
PROCESSOR_IDENTIFIER=Intel64 Family 6 Model 142 Stepping 10, GenuineIntel



---------------  S Y S T E M  ---------------

OS: Windows 10 , 64 bit Build 18362 (10.0.18362.329)

CPU:total 8 (initial active 8) (4 cores per cpu, 2 threads per core) family 6 model 142 stepping 10, cmov, cx8, fxsr, mmx, sse, sse2, sse3, ssse3, sse4.1, sse4.2, popcnt, avx, avx2, aes, clmul, erms, 3dnowpref, lzcnt, ht, tsc, tscinvbit, bmi1, bmi2, adx, fma

Memory: 4k page, system-wide physical 16270M (7391M free)
TotalPageFile size 56409M (AvailPageFile size 83M)
current process WorkingSet (physical memory assigned to process): 10M, peak: 10M
current process commit charge ("private bytes"): 61M, peak: 317M

vm_info: Java HotSpot(TM) 64-Bit Server VM (12.0.2+10) for windows-amd64 JRE (12.0.2+10), built on Jul 16 2019 01:56:17 by "mach5one" with MS VC++ 15.5 (VS2017)

END.
